{"/Users/ridho/Documents/JCWDOL-FRONT-END/15-testing/vanilla-javascript/src/basic.js": {"path":"/Users/ridho/Documents/JCWDOL-FRONT-END/15-testing/vanilla-javascript/src/basic.js","all":false,"statementMap":{"0":{"start":{"line":1,"column":0},"end":{"line":1,"column":30}},"1":{"start":{"line":2,"column":0},"end":{"line":2,"column":20}},"2":{"start":{"line":3,"column":0},"end":{"line":3,"column":1}},"3":{"start":{"line":4,"column":0},"end":{"line":4,"column":0}},"4":{"start":{"line":5,"column":0},"end":{"line":5,"column":27}},"5":{"start":{"line":6,"column":0},"end":{"line":6,"column":39}},"6":{"start":{"line":7,"column":0},"end":{"line":7,"column":70}},"7":{"start":{"line":8,"column":0},"end":{"line":8,"column":29}},"8":{"start":{"line":9,"column":0},"end":{"line":9,"column":0}},"9":{"start":{"line":10,"column":0},"end":{"line":10,"column":23}},"10":{"start":{"line":11,"column":0},"end":{"line":11,"column":1}},"11":{"start":{"line":12,"column":0},"end":{"line":12,"column":0}},"12":{"start":{"line":13,"column":0},"end":{"line":13,"column":29}},"13":{"start":{"line":14,"column":0},"end":{"line":14,"column":52}},"14":{"start":{"line":15,"column":0},"end":{"line":15,"column":33}},"15":{"start":{"line":16,"column":0},"end":{"line":16,"column":33}},"16":{"start":{"line":17,"column":0},"end":{"line":17,"column":11}},"17":{"start":{"line":18,"column":0},"end":{"line":18,"column":1}},"18":{"start":{"line":19,"column":0},"end":{"line":19,"column":0}},"19":{"start":{"line":20,"column":0},"end":{"line":20,"column":30}},"20":{"start":{"line":21,"column":0},"end":{"line":21,"column":35}},"21":{"start":{"line":22,"column":0},"end":{"line":22,"column":40}},"22":{"start":{"line":23,"column":0},"end":{"line":23,"column":24}},"23":{"start":{"line":24,"column":0},"end":{"line":24,"column":0}},"24":{"start":{"line":25,"column":0},"end":{"line":25,"column":17}},"25":{"start":{"line":26,"column":0},"end":{"line":26,"column":32}},"26":{"start":{"line":27,"column":0},"end":{"line":27,"column":16}},"27":{"start":{"line":28,"column":0},"end":{"line":28,"column":3}},"28":{"start":{"line":29,"column":0},"end":{"line":29,"column":16}},"29":{"start":{"line":30,"column":0},"end":{"line":30,"column":1}},"30":{"start":{"line":31,"column":0},"end":{"line":31,"column":0}},"31":{"start":{"line":32,"column":0},"end":{"line":32,"column":28}},"32":{"start":{"line":33,"column":0},"end":{"line":33,"column":26}},"33":{"start":{"line":34,"column":0},"end":{"line":34,"column":27}},"34":{"start":{"line":35,"column":0},"end":{"line":35,"column":32}},"35":{"start":{"line":36,"column":0},"end":{"line":36,"column":46}},"36":{"start":{"line":37,"column":0},"end":{"line":37,"column":34}},"37":{"start":{"line":38,"column":0},"end":{"line":38,"column":3}},"38":{"start":{"line":39,"column":0},"end":{"line":39,"column":14}},"39":{"start":{"line":40,"column":0},"end":{"line":40,"column":1}}},"s":{"0":1,"1":2,"2":2,"3":1,"4":1,"5":5,"6":3,"7":3,"8":2,"9":5,"10":5,"11":1,"12":1,"13":4,"14":4,"15":4,"16":1,"17":1,"18":1,"19":1,"20":5,"21":5,"22":5,"23":1,"24":1,"25":5,"26":5,"27":5,"28":1,"29":1,"30":1,"31":1,"32":0,"33":0,"34":0,"35":0,"36":0,"37":0,"38":0,"39":0},"branchMap":{"0":{"type":"branch","line":1,"loc":{"start":{"line":1,"column":7},"end":{"line":3,"column":1}},"locations":[{"start":{"line":1,"column":7},"end":{"line":3,"column":1}}]},"1":{"type":"branch","line":5,"loc":{"start":{"line":5,"column":7},"end":{"line":11,"column":1}},"locations":[{"start":{"line":5,"column":7},"end":{"line":11,"column":1}}]},"2":{"type":"branch","line":6,"loc":{"start":{"line":6,"column":15},"end":{"line":6,"column":26}},"locations":[{"start":{"line":6,"column":15},"end":{"line":6,"column":26}}]},"3":{"type":"branch","line":6,"loc":{"start":{"line":6,"column":28},"end":{"line":6,"column":39}},"locations":[{"start":{"line":6,"column":28},"end":{"line":6,"column":39}}]},"4":{"type":"branch","line":7,"loc":{"start":{"line":7,"column":-1},"end":{"line":8,"column":29}},"locations":[{"start":{"line":7,"column":-1},"end":{"line":8,"column":29}}]},"5":{"type":"branch","line":7,"loc":{"start":{"line":7,"column":59},"end":{"line":7,"column":70}},"locations":[{"start":{"line":7,"column":59},"end":{"line":7,"column":70}}]},"6":{"type":"branch","line":8,"loc":{"start":{"line":8,"column":20},"end":{"line":8,"column":29}},"locations":[{"start":{"line":8,"column":20},"end":{"line":8,"column":29}}]},"7":{"type":"branch","line":9,"loc":{"start":{"line":9,"column":-1},"end":{"line":10,"column":15}},"locations":[{"start":{"line":9,"column":-1},"end":{"line":10,"column":15}}]},"8":{"type":"branch","line":10,"loc":{"start":{"line":10,"column":15},"end":{"line":10,"column":18}},"locations":[{"start":{"line":10,"column":15},"end":{"line":10,"column":18}}]},"9":{"type":"branch","line":10,"loc":{"start":{"line":10,"column":19},"end":{"line":10,"column":22}},"locations":[{"start":{"line":10,"column":19},"end":{"line":10,"column":22}}]},"10":{"type":"branch","line":13,"loc":{"start":{"line":13,"column":7},"end":{"line":18,"column":1}},"locations":[{"start":{"line":13,"column":7},"end":{"line":18,"column":1}}]},"11":{"type":"branch","line":14,"loc":{"start":{"line":14,"column":18},"end":{"line":14,"column":32}},"locations":[{"start":{"line":14,"column":18},"end":{"line":14,"column":32}}]},"12":{"type":"branch","line":14,"loc":{"start":{"line":14,"column":34},"end":{"line":14,"column":52}},"locations":[{"start":{"line":14,"column":34},"end":{"line":14,"column":52}}]},"13":{"type":"branch","line":15,"loc":{"start":{"line":15,"column":-1},"end":{"line":15,"column":19}},"locations":[{"start":{"line":15,"column":-1},"end":{"line":15,"column":19}}]},"14":{"type":"branch","line":15,"loc":{"start":{"line":15,"column":19},"end":{"line":15,"column":33}},"locations":[{"start":{"line":15,"column":19},"end":{"line":15,"column":33}}]},"15":{"type":"branch","line":16,"loc":{"start":{"line":16,"column":-1},"end":{"line":16,"column":19}},"locations":[{"start":{"line":16,"column":-1},"end":{"line":16,"column":19}}]},"16":{"type":"branch","line":16,"loc":{"start":{"line":16,"column":19},"end":{"line":18,"column":1}},"locations":[{"start":{"line":16,"column":19},"end":{"line":18,"column":1}}]},"17":{"type":"branch","line":20,"loc":{"start":{"line":20,"column":7},"end":{"line":30,"column":1}},"locations":[{"start":{"line":20,"column":7},"end":{"line":30,"column":1}}]},"18":{"type":"branch","line":21,"loc":{"start":{"line":21,"column":14},"end":{"line":21,"column":24}},"locations":[{"start":{"line":21,"column":14},"end":{"line":21,"column":24}}]},"19":{"type":"branch","line":21,"loc":{"start":{"line":21,"column":26},"end":{"line":21,"column":35}},"locations":[{"start":{"line":21,"column":26},"end":{"line":21,"column":35}}]},"20":{"type":"branch","line":22,"loc":{"start":{"line":22,"column":-1},"end":{"line":22,"column":29}},"locations":[{"start":{"line":22,"column":-1},"end":{"line":22,"column":29}}]},"21":{"type":"branch","line":22,"loc":{"start":{"line":22,"column":29},"end":{"line":23,"column":13}},"locations":[{"start":{"line":22,"column":29},"end":{"line":23,"column":13}}]},"22":{"type":"branch","line":23,"loc":{"start":{"line":23,"column":13},"end":{"line":26,"column":31}},"locations":[{"start":{"line":23,"column":13},"end":{"line":26,"column":31}}]},"23":{"type":"branch","line":29,"loc":{"start":{"line":29,"column":-1},"end":{"line":30,"column":1}},"locations":[{"start":{"line":29,"column":-1},"end":{"line":30,"column":1}}]}},"b":{"0":[2],"1":[5],"2":[3],"3":[2],"4":[3],"5":[0],"6":[1],"7":[2],"8":[1],"9":[1],"10":[4],"11":[2],"12":[1],"13":[3],"14":[1],"15":[2],"16":[1],"17":[5],"18":[4],"19":[1],"20":[4],"21":[2],"22":[1],"23":[1]},"fnMap":{"0":{"name":"sumTen","decl":{"start":{"line":1,"column":7},"end":{"line":3,"column":1}},"loc":{"start":{"line":1,"column":7},"end":{"line":3,"column":1}},"line":1},"1":{"name":"max","decl":{"start":{"line":5,"column":7},"end":{"line":11,"column":1}},"loc":{"start":{"line":5,"column":7},"end":{"line":11,"column":1}},"line":5},"2":{"name":"FizzBuzz","decl":{"start":{"line":13,"column":7},"end":{"line":18,"column":1}},"loc":{"start":{"line":13,"column":7},"end":{"line":18,"column":1}},"line":13},"3":{"name":"Factorial","decl":{"start":{"line":20,"column":7},"end":{"line":30,"column":1}},"loc":{"start":{"line":20,"column":7},"end":{"line":30,"column":1}},"line":20},"4":{"name":"IsPrime","decl":{"start":{"line":32,"column":7},"end":{"line":40,"column":1}},"loc":{"start":{"line":32,"column":7},"end":{"line":40,"column":1}},"line":32}},"f":{"0":2,"1":5,"2":4,"3":5,"4":0}}
}
